/index.html.GET took 59ms. User: unknown
/todoList.GET took 20ms. User: unknown
/todoList/1.DELETE took 0ms. User: unknown
/todoList.GET took 0ms. User: unknown
/todoList.POST took 80ms. User: unknown
/todoList.GET took 0ms. User: unknown
/todoList.POST took 3ms. User: unknown
/todoList.GET took 0ms. User: unknown
/todoList.POST took 3ms. User: unknown
/todoList.GET took 0ms. User: unknown
/todoList.POST took 3ms. User: unknown
/todoList.GET took 0ms. User: unknown
/todoList/8.PUT took 6ms. User: unknown
/todoList.GET took 0ms. User: unknown
/todoList.POST took 3ms. User: unknown
/todoList.GET took 0ms. User: unknown
/todoList.POST took 3ms. User: unknown
/todoList.GET took 0ms. User: unknown
/index.html.GET took 29ms. User: unknown
/js/site.js.GET took 8ms. User: unknown
/css/site.css.GET took 11ms. User: unknown
/favicon.ico.GET took 0ms. User: unknown
/todoList.GET took 15ms. User: unknown
/todoList/1.DELETE took 0ms. User: unknown
/todoList.GET took 0ms. User: unknown
/todoList/1.DELETE took 0ms. User: unknown
/todoList.GET took 0ms. User: unknown
/todoList/1.DELETE took 0ms. User: unknown
/todoList.GET took 0ms. User: unknown
/todoList/1.DELETE took 0ms. User: unknown
/todoList.GET took 0ms. User: unknown
/todoList/1.DELETE took 0ms. User: unknown
/todoList.GET took 0ms. User: unknown
/todoList/1.DELETE took 0ms. User: unknown
/todoList.GET took 0ms. User: unknown
/todoList/1.DELETE took 0ms. User: unknown
/todoList.GET took 0ms. User: unknown
/todoList/8.DELETE took 0ms. User: unknown
/todoList.GET took 0ms. User: unknown
/todoList/8.DELETE took 0ms. User: unknown
/todoList.GET took 0ms. User: unknown
/todoList/8.DELETE took 0ms. User: unknown
/todoList.GET took 0ms. User: unknown
/todoList/6.DELETE took 0ms. User: unknown
/todoList.GET took 0ms. User: unknown
/todoList/6.DELETE took 0ms. User: unknown
/todoList.GET took 0ms. User: unknown
/todoList/6.DELETE took 0ms. User: unknown
/todoList.GET took 0ms. User: unknown
/index.html.GET took 23ms. User: unknown
/css/site.css.GET took 3ms. User: unknown
/favicon.ico.GET took 2ms. User: unknown
/todoList.GET took 15ms. User: unknown
/todoList.POST took 76ms. User: unknown
/todoList.GET took 0ms. User: unknown
/todoList.POST took 11ms. User: unknown
/todoList.GET took 0ms. User: unknown
/todoList.POST took 9ms. User: unknown
/todoList.GET took 0ms. User: unknown
/todoList.GET took 13ms. User: unknown
/todoList/2.GET took 12ms. User: unknown
/todoList/2.GET took 0ms. User: unknown
/todoList/1.DELETE took 0ms. User: unknown
/todoList.GET took 0ms. User: unknown
/todoList/1.DELETE took 0ms. User: unknown
/todoList.GET took 0ms. User: unknown
/todoList/1.DELETE took 0ms. User: unknown
/todoList.GET took 0ms. User: unknown
/todoList/1.DELETE took 0ms. User: unknown
/todoList.GET took 0ms. User: unknown
/todoList.GET took 0ms. User: unknown
/todoList.GET took 0ms. User: unknown
/todoList/1.PUT took 12ms. User: unknown
/todoList.GET took 0ms. User: unknown
/todoList/2.PUT took 6ms. User: unknown
/todoList.GET took 0ms. User: unknown
/todoList/2.GET took 0ms. User: unknown
/todo.GET took 2ms. User: unknown
/todoList.GET took 15ms. User: unknown
/todoList/2.GET took 15ms. User: unknown
/todo/2.GET took 2ms. User: unknown
/todolist/2.GET took 0ms. User: unknown
/todoList.GET took 0ms. User: unknown
/todoList/15.DELETE took 0ms. User: unknown
/todoList.GET took 0ms. User: unknown
/todoList/17.DELETE took 0ms. User: unknown
/todoList.GET took 0ms. User: unknown
/todoList/16.DELETE took 0ms. User: unknown
/todoList.GET took 0ms. User: unknown
/todoList/13.DELETE took 0ms. User: unknown
/todoList.GET took 0ms. User: unknown
/todoList/12.DELETE took 0ms. User: unknown
/todoList.GET took 0ms. User: unknown
/todoList/10.DELETE took 0ms. User: unknown
/todoList.GET took 0ms. User: unknown
/todoList/10.DELETE took 0ms. User: unknown
/todoList.GET took 0ms. User: unknown
/todoList/11.DELETE took 0ms. User: unknown
/todoList.GET took 0ms. User: unknown
/todoList/12.DELETE took 0ms. User: unknown
/todoList.GET took 0ms. User: unknown
/todoList/12.DELETE took 0ms. User: unknown
/todoList.GET took 0ms. User: unknown
/todoList/12.DELETE took 0ms. User: unknown
/todoList.GET took 0ms. User: unknown
/todoList.POST took 41ms. User: unknown
/todoList.GET took 0ms. User: unknown
/todoList/18.DELETE took 0ms. User: unknown
/todoList.GET took 0ms. User: unknown
/todoList/17.DELETE took 0ms. User: unknown
/todoList.GET took 0ms. User: unknown
/todoList/16.DELETE took 0ms. User: unknown
/todoList.GET took 0ms. User: unknown
/todoList/13.DELETE took 0ms. User: unknown
/todoList.GET took 0ms. User: unknown
/todoList/1.DELETE took 0ms. User: unknown
/todoList.GET took 0ms. User: unknown
/todo/3.GET took 3ms. User: unknown
/todo/3.GET took 20ms. User: unknown
/todo.GET took 2ms. User: unknown
/todoList.GET took 3ms. User: unknown
/todoList.GET took 1ms. User: unknown
/todoList.POST took 0ms. User: unknown
/todoList.POST took 0ms. User: unknown
/todoList.GET took 3ms. User: unknown
/todoList.POST took 0ms. User: unknown
/todoList.POST took 0ms. User: unknown
/index.html.GET took 13ms. User: unknown
/todoList.GET took 0ms. User: unknown
/todoList/2.GET took 1ms. User: unknown
/todo.GET took 11ms. User: unknown
